<?xml version="1.0" encoding="UTF-8"?>
<!-- Generated by org.testng.reporters.JUnitReportReporter -->
<testsuite hostname="Home" name="Interview_Practice.FrameWorkTestcases" tests="1" failures="0" timestamp="10 Jun 2018 09:24:34 GMT" time="50.076" errors="0">
  <testcase name="f" time="50.076" classname="Interview_Practice.FrameWorkTestcases"/>
</testsuite> <!-- Interview_Practice.FrameWorkTestcases -->
