<?xml version="1.0" encoding="UTF-8"?>
<!-- Generated by org.testng.reporters.JUnitReportReporter -->
<testsuite hostname="Home" name="Interview_Practice.FrameWorkTestcases1" tests="1" failures="0" timestamp="10 Jun 2018 10:44:57 GMT" time="89.346" errors="0">
  <testcase name="f" time="89.346" classname="Interview_Practice.FrameWorkTestcases1"/>
</testsuite> <!-- Interview_Practice.FrameWorkTestcases1 -->
