<?xml version="1.0" encoding="UTF-8"?>
<!-- Generated by org.testng.reporters.JUnitReportReporter -->
<testsuite hostname="Home" name="com.codee.cli.Checkbox" tests="2" failures="0" timestamp="28 Apr 2018 02:35:40 GMT" time="1.956" errors="0">
  <testcase name="radio" time="1.163" classname="com.codee.cli.Checkbox"/>
  <testcase name="Checkbox1" time="0.793" classname="com.codee.cli.Checkbox"/>
</testsuite> <!-- com.codee.cli.Checkbox -->
