<?xml version="1.0" encoding="UTF-8"?>
<!-- Generated by org.testng.reporters.JUnitReportReporter -->
<testsuite hostname="Home" name="Pageobjectmodel_demo.FrameWorkTestcases" tests="1" failures="0" timestamp="17 Apr 2018 12:46:50 GMT" time="12.883" errors="0">
  <testcase name="f" time="12.883" classname="Pageobjectmodel_demo.FrameWorkTestcases"/>
</testsuite> <!-- Pageobjectmodel_demo.FrameWorkTestcases -->
