<?xml version="1.0" encoding="UTF-8"?>
<!-- Generated by org.testng.reporters.JUnitReportReporter -->
<testsuite hostname="Home" name="com.codee.cli.RadioButton" tests="1" failures="0" timestamp="3 Mar 2018 03:33:45 GMT" time="4.513" errors="0">
  <testcase name="RadioButton2" time="4.513" classname="com.codee.cli.RadioButton"/>
</testsuite> <!-- com.codee.cli.RadioButton -->
