<?xml version="1.0" encoding="UTF-8"?>
<!-- Generated by org.testng.reporters.JUnitReportReporter -->
<testsuite hostname="Home" name="com.codee.cli.Checkbox" tests="1" failures="0" timestamp="4 Mar 2018 11:38:19 GMT" time="7.856" errors="0">
  <testcase name="Checkbox2" time="7.856" classname="com.codee.cli.Checkbox"/>
</testsuite> <!-- com.codee.cli.Checkbox -->
